<?xml version="1.0" encoding="UTF-8"?>
<!-- Generated by org.testng.reporters.JUnitReportReporter -->
<testsuite hostname="LAPTOP-F4LAP8LF" failures="0" tests="1" name="datadrivernTesting.WordpressLoginExcel" time="0.000" errors="0" timestamp="26 Mar 2018 14:47:17 GMT" skipped="1">
  <testcase classname="datadrivernTesting.WordpressLoginExcel" name="Wordpresslogin" time="0.000">
    <skipped/>
  </testcase> <!-- Wordpresslogin -->
</testsuite> <!-- datadrivernTesting.WordpressLoginExcel -->
